<?xml version="1.0" encoding="UTF-8"?>
<!-- Generated by org.testng.reporters.JUnitReportReporter -->
<testsuite name="com.Mvn_Project.TestNg" tests="1" time="0.016" ignored="0" failures="0" timestamp="12 Jan 2022 13:01:44 GMT" skipped="0" hostname="LAPTOP-TAJ8KKVS" errors="0">
  <testcase name="Testt" time="0.016" classname="com.Mvn_Project.TestNg"/>
</testsuite> <!-- com.Mvn_Project.TestNg -->
